2026-06-07 22:21:14,623 | INFO     | QA Test Framework v1.0
2026-06-07 22:21:14,623 | INFO     | Starting suite: Smoke Tests
2026-06-07 22:21:14,623 | INFO     | [1/3] Running test: test_login
2026-06-07 22:21:14,624 | INFO     | Running test: test_login
2026-06-07 22:21:14,636 | INFO     | test_login passed (0.40s)
2026-06-07 22:21:14,636 | INFO     | [2/3] Running test: test_homepage
2026-06-07 22:21:14,636 | INFO     | Running test: test_homepage
2026-06-07 22:21:14,647 | INFO     | test_homepage passed (0.72s)
2026-06-07 22:21:14,647 | INFO     | [3/3] Running test: test_search
2026-06-07 22:21:14,648 | INFO     | Running test: test_search
2026-06-07 22:21:14,660 | INFO     | test_search passed (1.81s)
2026-06-07 22:21:14,660 | INFO     | Starting suite: Regression
2026-06-07 22:21:14,660 | INFO     | [1/5] Running test: test_checkout
2026-06-07 22:21:14,660 | INFO     | Running test: test_checkout
2026-06-07 22:21:14,673 | INFO     | test_checkout passed (0.51s)
2026-06-07 22:21:14,673 | INFO     | [2/5] Running test: test_payment
2026-06-07 22:21:14,673 | INFO     | Running test: test_payment
2026-06-07 22:21:14,686 | ERROR    | ERROR: test_payment failed!
2026-06-07 22:21:14,686 | INFO     | [3/5] Running test: test_profile
2026-06-07 22:21:14,686 | INFO     | Running test: test_profile
2026-06-07 22:21:14,697 | ERROR    | ERROR: test_profile failed!
2026-06-07 22:21:14,697 | INFO     | [4/5] Running test: test_settings
2026-06-07 22:21:14,697 | INFO     | Running test: test_settings
2026-06-07 22:21:14,708 | INFO     | test_settings passed (1.05s)
2026-06-07 22:21:14,709 | INFO     | [5/5] Running test: test_logout
2026-06-07 22:21:14,709 | INFO     | Running test: test_logout
2026-06-07 22:21:14,721 | INFO     | test_logout passed (1.79s)
2026-06-07 22:21:14,721 | WARNING  | WARNING: Pass rate below 80%!
2026-06-07 22:21:14,721 | INFO     | Starting suite: Performance
2026-06-07 22:21:14,722 | INFO     | [1/2] Running test: test_load_page
2026-06-07 22:21:14,722 | INFO     | Running test: test_load_page
2026-06-07 22:21:14,733 | INFO     | test_load_page passed (0.97s)
2026-06-07 22:21:14,733 | INFO     | [2/2] Running test: test_api_response
2026-06-07 22:21:14,733 | INFO     | Running test: test_api_response
2026-06-07 22:21:14,746 | INFO     | test_api_response passed (0.52s)
